c:\users\su\desktop\새 폴더\pegasus\pegasus_x64\x64\release\vc140.pdb
c:\users\su\desktop\새 폴더\pegasus\pegasus_x64\x64\release\wstring.obj
c:\users\su\desktop\새 폴더\pegasus\pegasus_x64\x64\release\textdefs.obj
c:\users\su\desktop\새 폴더\pegasus\pegasus_x64\x64\release\prefix.obj
c:\users\su\desktop\새 폴더\pegasus\pegasus_x64\x64\release\operands.obj
c:\users\su\desktop\새 폴더\pegasus\pegasus_x64\x64\release\mnemonics.obj
c:\users\su\desktop\새 폴더\pegasus\pegasus_x64\x64\release\insts.obj
c:\users\su\desktop\새 폴더\pegasus\pegasus_x64\x64\release\instructions.obj
c:\users\su\desktop\새 폴더\pegasus\pegasus_x64\x64\release\distorm.obj
c:\users\su\desktop\새 폴더\pegasus\pegasus_x64\x64\release\decoder.obj
c:\users\su\desktop\새 폴더\pegasus\pegasus_x64\x64\release\emulator_x86.obj
c:\users\su\desktop\새 폴더\pegasus\pegasus_x64\x64\release\emulator_x64.obj
c:\users\su\desktop\새 폴더\pegasus\pegasus_x64\x64\release\emulator.obj
c:\users\su\desktop\새 폴더\pegasus\pegasus_x64\x64\release\windbg_linker.obj
c:\users\su\desktop\새 폴더\pegasus\pegasus_x64\x64\release\test.obj
c:\users\su\desktop\새 폴더\pegasus\pegasus_x64\x64\release\main.obj
c:\users\su\desktop\새 폴더\pegasus\x64\release\pegasus_x64.dll
c:\users\su\desktop\새 폴더\pegasus\x64\release\pegasus_x64.ipdb
c:\users\su\desktop\새 폴더\pegasus\x64\release\pegasus_x64.iobj
c:\users\su\desktop\새 폴더\pegasus\x64\release\pegasus_x64.pdb
c:\users\su\desktop\새 폴더\pegasus\x64\release\pegasus_x64.lib
c:\users\su\desktop\새 폴더\pegasus\x64\release\pegasus_x64.exp
c:\users\su\desktop\새 폴더\pegasus\pegasus_x64\x64\release\pegasus_x64.tlog\cl.command.1.tlog
c:\users\su\desktop\새 폴더\pegasus\pegasus_x64\x64\release\pegasus_x64.tlog\cl.read.1.tlog
c:\users\su\desktop\새 폴더\pegasus\pegasus_x64\x64\release\pegasus_x64.tlog\cl.write.1.tlog
c:\users\su\desktop\새 폴더\pegasus\pegasus_x64\x64\release\pegasus_x64.tlog\link.command.1.tlog
c:\users\su\desktop\새 폴더\pegasus\pegasus_x64\x64\release\pegasus_x64.tlog\link.read.1.tlog
c:\users\su\desktop\새 폴더\pegasus\pegasus_x64\x64\release\pegasus_x64.tlog\link.write.1.tlog
c:\users\su\desktop\새 폴더\pegasus\pegasus_x64\x64\release\pegasus_x64.tlog\pegasus_x64.write.1u.tlog
